6.0434 	WARNING 	User requested fullscreen with size [1024  768], but screen is actually [1440, 900]. Using actual size
6.8423 	EXP 	Created window1 = Window(allowGUI=False, allowStencil=False, args=UNKNOWN, autoLog=True, bitsMode=UNKNOWN, blendMode='avg', color=array([0., 0., 0.]), colorSpace='rgb', fullscr=<method-wrapper '__getattribute__' of attributeSetter object at 0x137343f98>, gamma=None, gammaErrorPolicy='raise', kwargs=UNKNOWN, lms=UNKNOWN, monitor=<psychopy.monitors.calibTools.Monitor object at 0x1372415c0>, multiSample=False, name='window1', numSamples=2, pos=[360.0, 225.0], screen=0, size=array([2880, 1800]), stereo=False, units='height', useFBO=True, useRetina=True, viewOri=0.0, viewPos=None, viewScale=None, waitBlanking=True, winType='pyglet')
6.8424 	EXP 	window1: recordFrameIntervals = False
7.0080 	EXP 	window1: recordFrameIntervals = True
7.1920 	EXP 	window1: recordFrameIntervals = False
7.9411 	EXP 	Created InstructionText = TextStim(__class__=<class 'psychopy.visual.text.TextStim'>, alignHoriz='center', alignVert='center', antialias=True, autoLog=True, bold=False, color='black', colorSpace='named', contrast=1.0, depth=0.0, flipHoriz=False, flipVert=False, font='Arial', fontFiles=[], height=0.1, italic=False, languageStyle='LTR', name='InstructionText', opacity=1.0, ori=0, pos=array([0., 0.]), rgb=array([0., 0., 0.]), text=str(...), units='height', win=Window(...), wrapWidth=1)
7.9458 	EXP 	Created DogImage = ImageStim(__class__=<class 'psychopy.visual.image.ImageStim'>, autoLog=True, color=array([1., 1., 1.]), colorSpace='rgb', contrast=1.0, depth=0.0, flipHoriz=False, flipVert=False, image='sin', interpolate=True, mask=None, maskParams=None, name='DogImage', opacity=1.0, ori=0.0, pos=array([0., 0.]), size=array([0.5, 0.5]), texRes=128, units='height', win=Window(...))
8.1633 	EXP 	InstructionText: autoDraw = True
11.1428 	EXP 	Imported DogCond.csv as conditions, 6 conditions, 2 params
11.1445 	EXP 	Created sequence: random, trialTypes=6, nReps=3, seed=None
11.1452 	EXP 	New trial (rep=0, index=0): OrderedDict([('dog', 'dog/4.jpg'), ('Cond', 'b')])
11.2498 	EXP 	InstructionText: autoDraw = False
11.2498 	EXP 	DogImage: image = 'dog/4.jpg'
11.2498 	EXP 	DogImage: autoDraw = True
11.4865 	DATA 	Keypress: right
12.2489 	EXP 	DogImage: autoDraw = False
17.6043 	EXP 	New trial (rep=0, index=1): OrderedDict([('dog', 'dog/6.jpg'), ('Cond', 'b')])
17.6351 	DATA 	Keypress: a
17.6525 	EXP 	DogImage: autoDraw = False
17.6525 	EXP 	DogImage: image = 'dog/6.jpg'
17.6525 	EXP 	DogImage: autoDraw = True
18.6520 	EXP 	DogImage: autoDraw = False
28.6593 	EXP 	New trial (rep=0, index=2): OrderedDict([('dog', 'dog/2.jpg'), ('Cond', 'b')])
28.6863 	DATA 	Keypress: d
28.7083 	EXP 	DogImage: autoDraw = False
28.7083 	EXP 	DogImage: image = 'dog/2.jpg'
28.7083 	EXP 	DogImage: autoDraw = True
29.2446 	DATA 	Keypress: escape
29.7428 	EXP 	window1: mouseVisible = True
