6.9103 	WARNING 	User requested fullscreen with size [1024  768], but screen is actually [1440, 900]. Using actual size
7.7980 	EXP 	Created window1 = Window(allowGUI=False, allowStencil=False, args=UNKNOWN, autoLog=True, bitsMode=UNKNOWN, blendMode='avg', color=array([0., 0., 0.]), colorSpace='rgb', fullscr=<method-wrapper '__getattribute__' of attributeSetter object at 0x137285be0>, gamma=None, gammaErrorPolicy='raise', kwargs=UNKNOWN, lms=UNKNOWN, monitor=<psychopy.monitors.calibTools.Monitor object at 0x136f4db00>, multiSample=False, name='window1', numSamples=2, pos=[360.0, 225.0], screen=0, size=array([2880, 1800]), stereo=False, units='height', useFBO=True, useRetina=True, viewOri=0.0, viewPos=None, viewScale=None, waitBlanking=True, winType='pyglet')
7.7980 	EXP 	window1: recordFrameIntervals = False
7.9637 	EXP 	window1: recordFrameIntervals = True
8.0141 	WARNING 	t of last frame was 26.05ms (=1/38)
8.1810 	EXP 	window1: recordFrameIntervals = False
8.9384 	EXP 	Created InstructionText = TextStim(__class__=<class 'psychopy.visual.text.TextStim'>, alignHoriz='center', alignVert='center', antialias=True, autoLog=True, bold=False, color='black', colorSpace='named', contrast=1.0, depth=0.0, flipHoriz=False, flipVert=False, font='Arial', fontFiles=[], height=0.1, italic=False, languageStyle='LTR', name='InstructionText', opacity=1.0, ori=0, pos=array([0., 0.]), rgb=array([0., 0., 0.]), text=str(...), units='height', win=Window(...), wrapWidth=1)
8.9407 	EXP 	Created DogImage = ImageStim(__class__=<class 'psychopy.visual.image.ImageStim'>, autoLog=True, color=array([1., 1., 1.]), colorSpace='rgb', contrast=1.0, depth=0.0, flipHoriz=False, flipVert=False, image='sin', interpolate=True, mask=None, maskParams=None, name='DogImage', opacity=1.0, ori=0.0, pos=array([0.5, 0. ]), size=array([0.5, 0.5]), texRes=128, units='height', win=Window(...))
8.9426 	EXP 	Created DogImage2 = ImageStim(__class__=<class 'psychopy.visual.image.ImageStim'>, autoLog=True, color=array([1., 1., 1.]), colorSpace='rgb', contrast=1.0, depth=-1.0, flipHoriz=False, flipVert=False, image='sin', interpolate=True, mask=None, maskParams=None, name='DogImage2', opacity=1.0, ori=0.0, pos=array([-0.5,  0. ]), size=array([0.5, 0.5]), texRes=128, units='height', win=Window(...))
9.1353 	EXP 	Created text = TextStim(__class__=<class 'psychopy.visual.text.TextStim'>, alignHoriz='center', alignVert='center', antialias=True, autoLog=True, bold=False, color='red', colorSpace='named', contrast=1.0, depth=-3.0, flipHoriz=False, flipVert=False, font='Arial', fontFiles=[], height=0.03, italic=False, languageStyle='LTR', name='text', opacity=1.0, ori=0, pos=array([ 0. , -0.4]), rgb=array([255.,   0.,   0.]), text=str(...), units='height', win=Window(...), wrapWidth=1)
9.1573 	EXP 	InstructionText: autoDraw = True
12.1482 	EXP 	Imported DogCond.csv as conditions, 9 conditions, 2 params
12.1485 	EXP 	Created sequence: fullRandom, trialTypes=9, nReps=1, seed=None
12.1489 	EXP 	New trial (rep=0, index=0): OrderedDict([('Cond1', 'dog/5.jpg'), ('Cond2', 'dog/6.jpg')])
12.2856 	EXP 	InstructionText: autoDraw = False
12.2856 	EXP 	DogImage: image = 'dog/5.jpg'
12.2856 	EXP 	DogImage2: image = 'dog/6.jpg'
12.2856 	EXP 	DogImage: autoDraw = True
12.2856 	EXP 	DogImage2: autoDraw = True
12.2856 	EXP 	text: autoDraw = True
14.9895 	DATA 	Keypress: escape
15.1384 	EXP 	New trial (rep=0, index=1): OrderedDict([('Cond1', 'dog/3.jpg'), ('Cond2', 'dog/2.jpg')])
15.4586 	EXP 	window1: mouseVisible = True
