6.7460 	WARNING 	User requested fullscreen with size [1024  768], but screen is actually [1440, 900]. Using actual size
9.8666 	WARNING 	Couldn't measure a consistent frame rate.
  - Is your graphics card set to sync to vertical blank?
  - Are you running other processes on your computer?

9.8671 	EXP 	Created window1 = Window(allowGUI=False, allowStencil=False, args=UNKNOWN, autoLog=True, bitsMode=UNKNOWN, blendMode='avg', color=array([0., 0., 0.]), colorSpace='rgb', fullscr=<method-wrapper '__getattribute__' of attributeSetter object at 0x136fc2f60>, gamma=None, gammaErrorPolicy='raise', kwargs=UNKNOWN, lms=UNKNOWN, monitor=<psychopy.monitors.calibTools.Monitor object at 0x136ec3588>, multiSample=False, name='window1', numSamples=2, pos=[360.0, 225.0], screen=0, size=array([2880, 1800]), stereo=False, units='height', useFBO=True, useRetina=True, viewOri=0.0, viewPos=None, viewScale=None, waitBlanking=True, winType='pyglet')
9.8672 	EXP 	window1: recordFrameIntervals = False
10.1664 	EXP 	window1: recordFrameIntervals = True
10.2253 	WARNING 	t of last frame was 32.40ms (=1/30)
10.2479 	WARNING 	t of last frame was 22.58ms (=1/44)
10.2741 	WARNING 	t of last frame was 26.17ms (=1/38)
10.3073 	WARNING 	t of last frame was 33.27ms (=1/30)
10.3352 	WARNING 	Multiple dropped frames have occurred - I'll stop bothering you about them!
10.4445 	DATA 	Keypress: space
11.1941 	DATA 	Keypress: right
12.1004 	DATA 	Keypress: a
12.3584 	DATA 	Keypress: d
12.8723 	DATA 	Mouse: Left button down, pos=(581,669)
13.0185 	WARNING 	Couldn't measure a consistent frame rate.
  - Is your graphics card set to sync to vertical blank?
  - Are you running other processes on your computer?

13.7733 	EXP 	Created InstructionText = TextStim(__class__=<class 'psychopy.visual.text.TextStim'>, alignHoriz='center', alignVert='center', antialias=True, autoLog=True, bold=False, color='black', colorSpace='named', contrast=1.0, depth=0.0, flipHoriz=False, flipVert=False, font='Arial', fontFiles=[], height=0.1, italic=False, languageStyle='LTR', name='InstructionText', opacity=1.0, ori=0, pos=array([0., 0.]), rgb=array([0., 0., 0.]), text=str(...), units='height', win=Window(...), wrapWidth=1)
14.0497 	EXP 	window1: mouseVisible = True
