6.5747 	WARNING 	User requested fullscreen with size [1024  768], but screen is actually [1440, 900]. Using actual size
7.4414 	EXP 	Created window1 = Window(allowGUI=False, allowStencil=False, args=UNKNOWN, autoLog=True, bitsMode=UNKNOWN, blendMode='avg', color=array([0., 0., 0.]), colorSpace='rgb', fullscr=<method-wrapper '__getattribute__' of attributeSetter object at 0x137bc0fd0>, gamma=None, gammaErrorPolicy='raise', kwargs=UNKNOWN, lms=UNKNOWN, monitor=<psychopy.monitors.calibTools.Monitor object at 0x137888a20>, multiSample=False, name='window1', numSamples=2, pos=[360.0, 225.0], screen=0, size=array([2880, 1800]), stereo=False, units='height', useFBO=True, useRetina=True, viewOri=0.0, viewPos=None, viewScale=None, waitBlanking=True, winType='pyglet')
7.4415 	EXP 	window1: recordFrameIntervals = False
7.6072 	EXP 	window1: recordFrameIntervals = True
7.7909 	EXP 	window1: recordFrameIntervals = False
8.5651 	EXP 	Created InstructionText = TextStim(__class__=<class 'psychopy.visual.text.TextStim'>, alignHoriz='center', alignVert='center', antialias=True, autoLog=True, bold=False, color='black', colorSpace='named', contrast=1.0, depth=0.0, flipHoriz=False, flipVert=False, font='Arial', fontFiles=[], height=0.1, italic=False, languageStyle='LTR', name='InstructionText', opacity=1.0, ori=0, pos=array([0., 0.]), rgb=array([0., 0., 0.]), text=str(...), units='height', win=Window(...), wrapWidth=1)
8.5674 	EXP 	Created DogImage = ImageStim(__class__=<class 'psychopy.visual.image.ImageStim'>, autoLog=True, color=array([1., 1., 1.]), colorSpace='rgb', contrast=1.0, depth=0.0, flipHoriz=False, flipVert=False, image='sin', interpolate=True, mask=None, maskParams=None, name='DogImage', opacity=1.0, ori=0.0, pos=array([0.5, 0. ]), size=array([0.5, 0.5]), texRes=128, units='height', win=Window(...))
8.5694 	EXP 	Created DogImage2 = ImageStim(__class__=<class 'psychopy.visual.image.ImageStim'>, autoLog=True, color=array([1., 1., 1.]), colorSpace='rgb', contrast=1.0, depth=-1.0, flipHoriz=False, flipVert=False, image='sin', interpolate=True, mask=None, maskParams=None, name='DogImage2', opacity=1.0, ori=0.0, pos=array([-0.5,  0. ]), size=array([0.5, 0.5]), texRes=128, units='height', win=Window(...))
8.7618 	EXP 	InstructionText: autoDraw = True
11.1807 	DATA 	Keypress: a
11.7703 	EXP 	Imported DogCond.csv as conditions, 6 conditions, 2 params
11.7707 	EXP 	Created sequence: random, trialTypes=6, nReps=3, seed=None
11.7711 	EXP 	New trial (rep=0, index=0): OrderedDict([('dog', 'dog/4.jpg'), ('Cond', 'b')])
11.8977 	EXP 	InstructionText: autoDraw = False
11.8977 	EXP 	DogImage: image = 'dog/4.jpg'
11.8977 	EXP 	DogImage2: image = 'dog/4.jpg'
11.8977 	EXP 	DogImage: autoDraw = True
11.8977 	EXP 	DogImage2: autoDraw = True
12.9132 	EXP 	DogImage: autoDraw = False
12.9132 	EXP 	DogImage2: autoDraw = False
16.6496 	EXP 	New trial (rep=0, index=1): OrderedDict([('dog', 'dog/6.jpg'), ('Cond', 'b')])
16.7070 	DATA 	Keypress: a
16.7320 	EXP 	DogImage: autoDraw = False
16.7320 	EXP 	DogImage2: autoDraw = False
16.7320 	EXP 	DogImage: image = 'dog/6.jpg'
16.7320 	EXP 	DogImage2: image = 'dog/6.jpg'
16.7320 	EXP 	DogImage: autoDraw = True
16.7320 	EXP 	DogImage2: autoDraw = True
17.4334 	EXP 	New trial (rep=0, index=2): OrderedDict([('dog', 'dog/1.jpg'), ('Cond', 'a')])
17.4764 	DATA 	Keypress: a
17.4982 	EXP 	DogImage: autoDraw = False
17.4982 	EXP 	DogImage2: autoDraw = False
17.4982 	EXP 	DogImage: image = 'dog/1.jpg'
17.4982 	EXP 	DogImage2: image = 'dog/1.jpg'
17.4982 	EXP 	DogImage: autoDraw = True
17.4982 	EXP 	DogImage2: autoDraw = True
17.9029 	EXP 	New trial (rep=0, index=3): OrderedDict([('dog', 'dog/3.jpg'), ('Cond', 'a')])
17.9406 	DATA 	Keypress: a
17.9648 	EXP 	DogImage: autoDraw = False
17.9648 	EXP 	DogImage2: autoDraw = False
17.9648 	EXP 	DogImage: image = 'dog/3.jpg'
17.9648 	EXP 	DogImage2: image = 'dog/3.jpg'
17.9648 	EXP 	DogImage: autoDraw = True
17.9648 	EXP 	DogImage2: autoDraw = True
18.2672 	EXP 	New trial (rep=0, index=4): OrderedDict([('dog', 'dog/2.jpg'), ('Cond', 'b')])
18.3136 	DATA 	Keypress: a
18.3333 	EXP 	DogImage: autoDraw = False
18.3333 	EXP 	DogImage2: autoDraw = False
18.3333 	EXP 	DogImage: image = 'dog/2.jpg'
18.3333 	EXP 	DogImage2: image = 'dog/2.jpg'
18.3333 	EXP 	DogImage: autoDraw = True
18.3333 	EXP 	DogImage2: autoDraw = True
18.5532 	EXP 	New trial (rep=0, index=5): OrderedDict([('dog', 'dog/5.jpg'), ('Cond', 'a')])
18.6013 	DATA 	Keypress: a
18.6219 	EXP 	DogImage: autoDraw = False
18.6219 	EXP 	DogImage2: autoDraw = False
18.6219 	EXP 	DogImage: image = 'dog/5.jpg'
18.6219 	EXP 	DogImage2: image = 'dog/5.jpg'
18.6219 	EXP 	DogImage: autoDraw = True
18.6219 	EXP 	DogImage2: autoDraw = True
18.8262 	EXP 	New trial (rep=1, index=0): OrderedDict([('dog', 'dog/5.jpg'), ('Cond', 'a')])
18.8742 	DATA 	Keypress: a
18.8989 	EXP 	DogImage: autoDraw = False
18.8989 	EXP 	DogImage2: autoDraw = False
18.8989 	EXP 	DogImage: image = 'dog/5.jpg'
18.8989 	EXP 	DogImage2: image = 'dog/5.jpg'
18.8989 	EXP 	DogImage: autoDraw = True
18.8989 	EXP 	DogImage2: autoDraw = True
19.0669 	EXP 	New trial (rep=1, index=1): OrderedDict([('dog', 'dog/2.jpg'), ('Cond', 'b')])
19.1100 	DATA 	Keypress: a
19.1321 	EXP 	DogImage: autoDraw = False
19.1321 	EXP 	DogImage2: autoDraw = False
19.1321 	EXP 	DogImage: image = 'dog/2.jpg'
19.1321 	EXP 	DogImage2: image = 'dog/2.jpg'
19.1321 	EXP 	DogImage: autoDraw = True
19.1321 	EXP 	DogImage2: autoDraw = True
19.3271 	EXP 	New trial (rep=1, index=2): OrderedDict([('dog', 'dog/3.jpg'), ('Cond', 'a')])
19.3623 	DATA 	Keypress: a
19.3826 	EXP 	DogImage: autoDraw = False
19.3826 	EXP 	DogImage2: autoDraw = False
19.3826 	EXP 	DogImage: image = 'dog/3.jpg'
19.3826 	EXP 	DogImage2: image = 'dog/3.jpg'
19.3826 	EXP 	DogImage: autoDraw = True
19.3826 	EXP 	DogImage2: autoDraw = True
20.3833 	EXP 	DogImage: autoDraw = False
20.3833 	EXP 	DogImage2: autoDraw = False
20.8346 	EXP 	New trial (rep=1, index=3): OrderedDict([('dog', 'dog/4.jpg'), ('Cond', 'b')])
20.8786 	DATA 	Keypress: a
20.9004 	EXP 	DogImage: autoDraw = False
20.9004 	EXP 	DogImage2: autoDraw = False
20.9004 	EXP 	DogImage: image = 'dog/4.jpg'
20.9004 	EXP 	DogImage2: image = 'dog/4.jpg'
20.9004 	EXP 	DogImage: autoDraw = True
20.9004 	EXP 	DogImage2: autoDraw = True
21.2846 	EXP 	New trial (rep=1, index=4): OrderedDict([('dog', 'dog/6.jpg'), ('Cond', 'b')])
21.3328 	DATA 	Keypress: a
21.3534 	EXP 	DogImage: autoDraw = False
21.3534 	EXP 	DogImage2: autoDraw = False
21.3534 	EXP 	DogImage: image = 'dog/6.jpg'
21.3534 	EXP 	DogImage2: image = 'dog/6.jpg'
21.3534 	EXP 	DogImage: autoDraw = True
21.3534 	EXP 	DogImage2: autoDraw = True
21.5932 	EXP 	New trial (rep=1, index=5): OrderedDict([('dog', 'dog/1.jpg'), ('Cond', 'a')])
21.6299 	DATA 	Keypress: a
21.6503 	EXP 	DogImage: autoDraw = False
21.6503 	EXP 	DogImage2: autoDraw = False
21.6503 	EXP 	DogImage: image = 'dog/1.jpg'
21.6503 	EXP 	DogImage2: image = 'dog/1.jpg'
21.6503 	EXP 	DogImage: autoDraw = True
21.6503 	EXP 	DogImage2: autoDraw = True
21.8711 	EXP 	New trial (rep=2, index=0): OrderedDict([('dog', 'dog/2.jpg'), ('Cond', 'b')])
21.9139 	DATA 	Keypress: a
21.9336 	EXP 	DogImage: autoDraw = False
21.9336 	EXP 	DogImage2: autoDraw = False
21.9336 	EXP 	DogImage: image = 'dog/2.jpg'
21.9336 	EXP 	DogImage2: image = 'dog/2.jpg'
21.9336 	EXP 	DogImage: autoDraw = True
21.9336 	EXP 	DogImage2: autoDraw = True
22.1718 	EXP 	New trial (rep=2, index=1): OrderedDict([('dog', 'dog/5.jpg'), ('Cond', 'a')])
22.2178 	DATA 	Keypress: a
22.2381 	EXP 	DogImage: autoDraw = False
22.2381 	EXP 	DogImage2: autoDraw = False
22.2381 	EXP 	DogImage: image = 'dog/5.jpg'
22.2381 	EXP 	DogImage2: image = 'dog/5.jpg'
22.2381 	EXP 	DogImage: autoDraw = True
22.2381 	EXP 	DogImage2: autoDraw = True
22.4355 	EXP 	New trial (rep=2, index=2): OrderedDict([('dog', 'dog/6.jpg'), ('Cond', 'b')])
22.4847 	DATA 	Keypress: a
22.5054 	EXP 	DogImage: autoDraw = False
22.5054 	EXP 	DogImage2: autoDraw = False
22.5054 	EXP 	DogImage: image = 'dog/6.jpg'
22.5054 	EXP 	DogImage2: image = 'dog/6.jpg'
22.5054 	EXP 	DogImage: autoDraw = True
22.5054 	EXP 	DogImage2: autoDraw = True
22.7246 	EXP 	New trial (rep=2, index=3): OrderedDict([('dog', 'dog/3.jpg'), ('Cond', 'a')])
22.7603 	DATA 	Keypress: a
22.7838 	EXP 	DogImage: autoDraw = False
22.7838 	EXP 	DogImage2: autoDraw = False
22.7838 	EXP 	DogImage: image = 'dog/3.jpg'
22.7838 	EXP 	DogImage2: image = 'dog/3.jpg'
22.7838 	EXP 	DogImage: autoDraw = True
22.7838 	EXP 	DogImage2: autoDraw = True
23.0080 	EXP 	New trial (rep=2, index=4): OrderedDict([('dog', 'dog/4.jpg'), ('Cond', 'b')])
23.0545 	DATA 	Keypress: a
23.0744 	EXP 	DogImage: autoDraw = False
23.0744 	EXP 	DogImage2: autoDraw = False
23.0744 	EXP 	DogImage: image = 'dog/4.jpg'
23.0744 	EXP 	DogImage2: image = 'dog/4.jpg'
23.0744 	EXP 	DogImage: autoDraw = True
23.0744 	EXP 	DogImage2: autoDraw = True
23.3356 	EXP 	New trial (rep=2, index=5): OrderedDict([('dog', 'dog/1.jpg'), ('Cond', 'a')])
23.3740 	DATA 	Keypress: a
23.3944 	EXP 	DogImage: autoDraw = False
23.3944 	EXP 	DogImage2: autoDraw = False
23.3944 	EXP 	DogImage: image = 'dog/1.jpg'
23.3944 	EXP 	DogImage2: image = 'dog/1.jpg'
23.3944 	EXP 	DogImage: autoDraw = True
23.3944 	EXP 	DogImage2: autoDraw = True
23.6548 	DATA 	Keypress: a
23.6708 	EXP 	DogImage: autoDraw = False
23.6708 	EXP 	DogImage2: autoDraw = False
23.9555 	EXP 	window1: mouseVisible = True
