6.2815 	WARNING 	User requested fullscreen with size [1024  768], but screen is actually [1440, 900]. Using actual size
7.0274 	EXP 	Created window1 = Window(allowGUI=False, allowStencil=False, args=UNKNOWN, autoLog=True, bitsMode=UNKNOWN, blendMode='avg', color=array([0., 0., 0.]), colorSpace='rgb', fullscr=<method-wrapper '__getattribute__' of attributeSetter object at 0x136e80fd0>, gamma=None, gammaErrorPolicy='raise', kwargs=UNKNOWN, lms=UNKNOWN, monitor=<psychopy.monitors.calibTools.Monitor object at 0x136ec1630>, multiSample=False, name='window1', numSamples=2, pos=[360.0, 225.0], screen=0, size=array([2880, 1800]), stereo=False, units='height', useFBO=True, useRetina=True, viewOri=0.0, viewPos=None, viewScale=None, waitBlanking=True, winType='pyglet')
7.0275 	EXP 	window1: recordFrameIntervals = False
7.1933 	EXP 	window1: recordFrameIntervals = True
7.2524 	WARNING 	t of last frame was 26.29ms (=1/38)
7.4196 	EXP 	window1: recordFrameIntervals = False
8.1434 	EXP 	Created InstructionText = TextStim(__class__=<class 'psychopy.visual.text.TextStim'>, alignHoriz='center', alignVert='center', antialias=True, autoLog=True, bold=False, color='black', colorSpace='named', contrast=1.0, depth=0.0, flipHoriz=False, flipVert=False, font='Arial', fontFiles=[], height=0.1, italic=False, languageStyle='LTR', name='InstructionText', opacity=1.0, ori=0, pos=array([0., 0.]), rgb=array([0., 0., 0.]), text=str(...), units='height', win=Window(...), wrapWidth=1)
8.1459 	EXP 	Created DogImage = ImageStim(__class__=<class 'psychopy.visual.image.ImageStim'>, autoLog=True, color=array([1., 1., 1.]), colorSpace='rgb', contrast=1.0, depth=0.0, flipHoriz=False, flipVert=False, image='sin', interpolate=True, mask=None, maskParams=None, name='DogImage', opacity=1.0, ori=0.0, pos=array([0., 0.]), size=array([0.5, 0.5]), texRes=128, units='height', win=Window(...))
8.3229 	EXP 	Created DogImage2 = ImageStim(__class__=<class 'psychopy.visual.image.ImageStim'>, autoLog=True, color=array([1., 1., 1.]), colorSpace='rgb', contrast=1.0, depth=-2.0, flipHoriz=False, flipVert=False, image='sin', interpolate=True, mask=None, maskParams=None, name='DogImage2', opacity=1.0, ori=0.0, pos=array([0., 0.]), size=array([0.5, 0.5]), texRes=128, units='height', win=Window(...))
8.3434 	EXP 	InstructionText: autoDraw = True
11.3470 	EXP 	Imported DogCond.csv as conditions, 6 conditions, 2 params
11.3474 	EXP 	Created sequence: random, trialTypes=6, nReps=3, seed=None
11.3479 	EXP 	New trial (rep=0, index=0): OrderedDict([('dog', 'dog/4.jpg'), ('Cond', 'b')])
11.4798 	EXP 	InstructionText: autoDraw = False
11.4798 	EXP 	DogImage: image = 'dog/4.jpg'
11.4798 	EXP 	DogImage2: image = 'dog/4.jpg'
11.4798 	EXP 	DogImage: autoDraw = True
11.4798 	EXP 	DogImage2: autoDraw = True
12.4913 	EXP 	DogImage: autoDraw = False
12.4913 	EXP 	DogImage2: autoDraw = False
16.9586 	DATA 	Mouse: Left button down, pos=(501,405)
17.1085 	DATA 	Mouse:  Left button up, pos=(501,405)
22.6461 	EXP 	New trial (rep=0, index=1): OrderedDict([('dog', 'dog/2.jpg'), ('Cond', 'b')])
22.6961 	DATA 	Keypress: a
22.7177 	EXP 	DogImage: autoDraw = False
22.7177 	EXP 	DogImage2: autoDraw = False
22.7177 	EXP 	DogImage: image = 'dog/2.jpg'
22.7177 	EXP 	DogImage2: image = 'dog/2.jpg'
22.7177 	EXP 	DogImage: autoDraw = True
22.7177 	EXP 	DogImage2: autoDraw = True
23.1983 	EXP 	New trial (rep=0, index=2): OrderedDict([('dog', 'dog/3.jpg'), ('Cond', 'a')])
23.2380 	DATA 	Keypress: d
23.2603 	EXP 	DogImage: autoDraw = False
23.2603 	EXP 	DogImage2: autoDraw = False
23.2603 	EXP 	DogImage: image = 'dog/3.jpg'
23.2603 	EXP 	DogImage2: image = 'dog/3.jpg'
23.2603 	EXP 	DogImage: autoDraw = True
23.2603 	EXP 	DogImage2: autoDraw = True
24.1546 	EXP 	New trial (rep=0, index=3): OrderedDict([('dog', 'dog/6.jpg'), ('Cond', 'b')])
24.2141 	DATA 	Keypress: d
24.2352 	EXP 	DogImage: autoDraw = False
24.2352 	EXP 	DogImage2: autoDraw = False
24.2352 	EXP 	DogImage: image = 'dog/6.jpg'
24.2352 	EXP 	DogImage2: image = 'dog/6.jpg'
24.2352 	EXP 	DogImage: autoDraw = True
24.2352 	EXP 	DogImage2: autoDraw = True
24.5195 	EXP 	New trial (rep=0, index=4): OrderedDict([('dog', 'dog/1.jpg'), ('Cond', 'a')])
24.5590 	DATA 	Keypress: d
24.5784 	EXP 	DogImage: autoDraw = False
24.5784 	EXP 	DogImage2: autoDraw = False
24.5784 	EXP 	DogImage: image = 'dog/1.jpg'
24.5784 	EXP 	DogImage2: image = 'dog/1.jpg'
24.5784 	EXP 	DogImage: autoDraw = True
24.5784 	EXP 	DogImage2: autoDraw = True
24.8127 	EXP 	New trial (rep=0, index=5): OrderedDict([('dog', 'dog/5.jpg'), ('Cond', 'a')])
24.8621 	DATA 	Keypress: d
24.8819 	EXP 	DogImage: autoDraw = False
24.8819 	EXP 	DogImage2: autoDraw = False
24.8819 	EXP 	DogImage: image = 'dog/5.jpg'
24.8819 	EXP 	DogImage2: image = 'dog/5.jpg'
24.8819 	EXP 	DogImage: autoDraw = True
24.8819 	EXP 	DogImage2: autoDraw = True
25.1151 	EXP 	New trial (rep=1, index=0): OrderedDict([('dog', 'dog/2.jpg'), ('Cond', 'b')])
25.1572 	DATA 	Keypress: d
25.1786 	EXP 	DogImage: autoDraw = False
25.1786 	EXP 	DogImage2: autoDraw = False
25.1786 	EXP 	DogImage: image = 'dog/2.jpg'
25.1786 	EXP 	DogImage2: image = 'dog/2.jpg'
25.1786 	EXP 	DogImage: autoDraw = True
25.1786 	EXP 	DogImage2: autoDraw = True
25.4129 	EXP 	New trial (rep=1, index=1): OrderedDict([('dog', 'dog/1.jpg'), ('Cond', 'a')])
25.4506 	DATA 	Keypress: d
25.4706 	EXP 	DogImage: autoDraw = False
25.4706 	EXP 	DogImage2: autoDraw = False
25.4706 	EXP 	DogImage: image = 'dog/1.jpg'
25.4706 	EXP 	DogImage2: image = 'dog/1.jpg'
25.4706 	EXP 	DogImage: autoDraw = True
25.4706 	EXP 	DogImage2: autoDraw = True
25.6663 	EXP 	New trial (rep=1, index=2): OrderedDict([('dog', 'dog/4.jpg'), ('Cond', 'b')])
25.7113 	DATA 	Keypress: d
25.7313 	EXP 	DogImage: autoDraw = False
25.7313 	EXP 	DogImage2: autoDraw = False
25.7313 	EXP 	DogImage: image = 'dog/4.jpg'
25.7313 	EXP 	DogImage2: image = 'dog/4.jpg'
25.7313 	EXP 	DogImage: autoDraw = True
25.7313 	EXP 	DogImage2: autoDraw = True
25.8844 	EXP 	New trial (rep=1, index=3): OrderedDict([('dog', 'dog/6.jpg'), ('Cond', 'b')])
25.9335 	DATA 	Keypress: d
25.9537 	EXP 	DogImage: autoDraw = False
25.9537 	EXP 	DogImage2: autoDraw = False
25.9537 	EXP 	DogImage: image = 'dog/6.jpg'
25.9537 	EXP 	DogImage2: image = 'dog/6.jpg'
25.9537 	EXP 	DogImage: autoDraw = True
25.9537 	EXP 	DogImage2: autoDraw = True
26.1290 	EXP 	New trial (rep=1, index=4): OrderedDict([('dog', 'dog/3.jpg'), ('Cond', 'a')])
26.1702 	DATA 	Keypress: d
26.1942 	EXP 	DogImage: autoDraw = False
26.1942 	EXP 	DogImage2: autoDraw = False
26.1942 	EXP 	DogImage: image = 'dog/3.jpg'
26.1942 	EXP 	DogImage2: image = 'dog/3.jpg'
26.1942 	EXP 	DogImage: autoDraw = True
26.1942 	EXP 	DogImage2: autoDraw = True
26.3388 	EXP 	New trial (rep=1, index=5): OrderedDict([('dog', 'dog/5.jpg'), ('Cond', 'a')])
26.3845 	DATA 	Keypress: d
26.4044 	EXP 	DogImage: autoDraw = False
26.4044 	EXP 	DogImage2: autoDraw = False
26.4044 	EXP 	DogImage: image = 'dog/5.jpg'
26.4044 	EXP 	DogImage2: image = 'dog/5.jpg'
26.4044 	EXP 	DogImage: autoDraw = True
26.4044 	EXP 	DogImage2: autoDraw = True
26.8153 	EXP 	New trial (rep=2, index=0): OrderedDict([('dog', 'dog/6.jpg'), ('Cond', 'b')])
26.8632 	DATA 	Keypress: d
26.8841 	EXP 	DogImage: autoDraw = False
26.8841 	EXP 	DogImage2: autoDraw = False
26.8841 	EXP 	DogImage: image = 'dog/6.jpg'
26.8841 	EXP 	DogImage2: image = 'dog/6.jpg'
26.8841 	EXP 	DogImage: autoDraw = True
26.8841 	EXP 	DogImage2: autoDraw = True
27.0172 	EXP 	New trial (rep=2, index=1): OrderedDict([('dog', 'dog/5.jpg'), ('Cond', 'a')])
27.0651 	DATA 	Keypress: d
27.0849 	EXP 	DogImage: autoDraw = False
27.0849 	EXP 	DogImage2: autoDraw = False
27.0849 	EXP 	DogImage: image = 'dog/5.jpg'
27.0849 	EXP 	DogImage2: image = 'dog/5.jpg'
27.0849 	EXP 	DogImage: autoDraw = True
27.0849 	EXP 	DogImage2: autoDraw = True
27.2220 	EXP 	New trial (rep=2, index=2): OrderedDict([('dog', 'dog/1.jpg'), ('Cond', 'a')])
27.2622 	DATA 	Keypress: d
27.2821 	EXP 	DogImage: autoDraw = False
27.2821 	EXP 	DogImage2: autoDraw = False
27.2821 	EXP 	DogImage: image = 'dog/1.jpg'
27.2821 	EXP 	DogImage2: image = 'dog/1.jpg'
27.2821 	EXP 	DogImage: autoDraw = True
27.2821 	EXP 	DogImage2: autoDraw = True
27.5373 	EXP 	New trial (rep=2, index=3): OrderedDict([('dog', 'dog/3.jpg'), ('Cond', 'a')])
27.5738 	DATA 	Keypress: d
27.5953 	EXP 	DogImage: autoDraw = False
27.5953 	EXP 	DogImage2: autoDraw = False
27.5953 	EXP 	DogImage: image = 'dog/3.jpg'
27.5953 	EXP 	DogImage2: image = 'dog/3.jpg'
27.5953 	EXP 	DogImage: autoDraw = True
27.5953 	EXP 	DogImage2: autoDraw = True
27.7661 	EXP 	New trial (rep=2, index=4): OrderedDict([('dog', 'dog/4.jpg'), ('Cond', 'b')])
27.8103 	DATA 	Keypress: d
27.8299 	EXP 	DogImage: autoDraw = False
27.8299 	EXP 	DogImage2: autoDraw = False
27.8299 	EXP 	DogImage: image = 'dog/4.jpg'
27.8299 	EXP 	DogImage2: image = 'dog/4.jpg'
27.8299 	EXP 	DogImage: autoDraw = True
27.8299 	EXP 	DogImage2: autoDraw = True
27.9805 	EXP 	New trial (rep=2, index=5): OrderedDict([('dog', 'dog/2.jpg'), ('Cond', 'b')])
28.0229 	DATA 	Keypress: d
28.0455 	EXP 	DogImage: autoDraw = False
28.0455 	EXP 	DogImage2: autoDraw = False
28.0455 	EXP 	DogImage: image = 'dog/2.jpg'
28.0455 	EXP 	DogImage2: image = 'dog/2.jpg'
28.0455 	EXP 	DogImage: autoDraw = True
28.0455 	EXP 	DogImage2: autoDraw = True
28.1988 	DATA 	Keypress: d
28.2132 	EXP 	DogImage: autoDraw = False
28.2132 	EXP 	DogImage2: autoDraw = False
28.4996 	EXP 	window1: mouseVisible = True
5.7711 	WARNING 	User requested fullscreen with size [1024  768], but screen is actually [1440, 900]. Using actual size
6.4869 	EXP 	Created window1 = Window(allowGUI=False, allowStencil=False, args=UNKNOWN, autoLog=True, bitsMode=UNKNOWN, blendMode='avg', color=array([0., 0., 0.]), colorSpace='rgb', fullscr=<method-wrapper '__getattribute__' of attributeSetter object at 0x137400fd0>, gamma=None, gammaErrorPolicy='raise', kwargs=UNKNOWN, lms=UNKNOWN, monitor=<psychopy.monitors.calibTools.Monitor object at 0x135c0e630>, multiSample=False, name='window1', numSamples=2, pos=[360.0, 225.0], screen=0, size=array([2880, 1800]), stereo=False, units='height', useFBO=True, useRetina=True, viewOri=0.0, viewPos=None, viewScale=None, waitBlanking=True, winType='pyglet')
6.4869 	EXP 	window1: recordFrameIntervals = False
6.6527 	EXP 	window1: recordFrameIntervals = True
6.8365 	EXP 	window1: recordFrameIntervals = False
7.6149 	EXP 	Created InstructionText = TextStim(__class__=<class 'psychopy.visual.text.TextStim'>, alignHoriz='center', alignVert='center', antialias=True, autoLog=True, bold=False, color='black', colorSpace='named', contrast=1.0, depth=0.0, flipHoriz=False, flipVert=False, font='Arial', fontFiles=[], height=0.1, italic=False, languageStyle='LTR', name='InstructionText', opacity=1.0, ori=0, pos=array([0., 0.]), rgb=array([0., 0., 0.]), text=str(...), units='height', win=Window(...), wrapWidth=1)
7.6171 	EXP 	Created DogImage = ImageStim(__class__=<class 'psychopy.visual.image.ImageStim'>, autoLog=True, color=array([1., 1., 1.]), colorSpace='rgb', contrast=1.0, depth=0.0, flipHoriz=False, flipVert=False, image='sin', interpolate=True, mask=None, maskParams=None, name='DogImage', opacity=1.0, ori=0.0, pos=array([0., 0.]), size=array([0.5, 0.5]), texRes=128, units='height', win=Window(...))
7.6190 	EXP 	Created DogImage2 = ImageStim(__class__=<class 'psychopy.visual.image.ImageStim'>, autoLog=True, color=array([1., 1., 1.]), colorSpace='rgb', contrast=1.0, depth=-1.0, flipHoriz=False, flipVert=False, image='sin', interpolate=True, mask=None, maskParams=None, name='DogImage2', opacity=1.0, ori=0.0, pos=array([0., 0.]), size=array([0.5, 0.5]), texRes=128, units='height', win=Window(...))
7.8120 	EXP 	InstructionText: autoDraw = True
8.2081 	DATA 	Keypress: a
10.8162 	EXP 	Imported DogCond.csv as conditions, 6 conditions, 2 params
10.8166 	EXP 	Created sequence: random, trialTypes=6, nReps=3, seed=None
10.8170 	EXP 	New trial (rep=0, index=0): OrderedDict([('dog', 'dog/3.jpg'), ('Cond', 'a')])
10.9325 	EXP 	InstructionText: autoDraw = False
10.9325 	EXP 	DogImage: image = 'dog/3.jpg'
10.9325 	EXP 	DogImage2: image = 'dog/3.jpg'
10.9325 	EXP 	DogImage: autoDraw = True
10.9325 	EXP 	DogImage2: autoDraw = True
11.9408 	EXP 	DogImage: autoDraw = False
11.9408 	EXP 	DogImage2: autoDraw = False
13.3609 	DATA 	Keypress: escape
13.7893 	EXP 	window1: mouseVisible = True
