6.0324 	WARNING 	User requested fullscreen with size [1024  768], but screen is actually [1440, 900]. Using actual size
6.7504 	EXP 	Created window1 = Window(allowGUI=False, allowStencil=False, args=UNKNOWN, autoLog=True, bitsMode=UNKNOWN, blendMode='avg', color=array([0., 0., 0.]), colorSpace='rgb', fullscr=<method-wrapper '__getattribute__' of attributeSetter object at 0x136ef2be0>, gamma=None, gammaErrorPolicy='raise', kwargs=UNKNOWN, lms=UNKNOWN, monitor=<psychopy.monitors.calibTools.Monitor object at 0x135e7cb00>, multiSample=False, name='window1', numSamples=2, pos=[360.0, 225.0], screen=0, size=array([2880, 1800]), stereo=False, units='height', useFBO=True, useRetina=True, viewOri=0.0, viewPos=None, viewScale=None, waitBlanking=True, winType='pyglet')
6.7505 	EXP 	window1: recordFrameIntervals = False
6.9162 	EXP 	window1: recordFrameIntervals = True
7.0999 	EXP 	window1: recordFrameIntervals = False
7.8511 	EXP 	Created InstructionText = TextStim(__class__=<class 'psychopy.visual.text.TextStim'>, alignHoriz='center', alignVert='center', antialias=True, autoLog=True, bold=False, color='black', colorSpace='named', contrast=1.0, depth=0.0, flipHoriz=False, flipVert=False, font='Arial', fontFiles=[], height=0.1, italic=False, languageStyle='LTR', name='InstructionText', opacity=1.0, ori=0, pos=array([0., 0.]), rgb=array([0., 0., 0.]), text=str(...), units='height', win=Window(...), wrapWidth=1)
7.8533 	EXP 	Created DogImage = ImageStim(__class__=<class 'psychopy.visual.image.ImageStim'>, autoLog=True, color=array([1., 1., 1.]), colorSpace='rgb', contrast=1.0, depth=0.0, flipHoriz=False, flipVert=False, image='sin', interpolate=True, mask=None, maskParams=None, name='DogImage', opacity=1.0, ori=0.0, pos=array([0.5, 0. ]), size=array([0.5, 0.5]), texRes=128, units='height', win=Window(...))
7.8550 	EXP 	Created DogImage2 = ImageStim(__class__=<class 'psychopy.visual.image.ImageStim'>, autoLog=True, color=array([1., 1., 1.]), colorSpace='rgb', contrast=1.0, depth=-1.0, flipHoriz=False, flipVert=False, image='sin', interpolate=True, mask=None, maskParams=None, name='DogImage2', opacity=1.0, ori=0.0, pos=array([-0.5,  0. ]), size=array([0.5, 0.5]), texRes=128, units='height', win=Window(...))
8.0402 	EXP 	Created text = TextStim(__class__=<class 'psychopy.visual.text.TextStim'>, alignHoriz='center', alignVert='center', antialias=True, autoLog=True, bold=False, color='red', colorSpace='named', contrast=1.0, depth=-3.0, flipHoriz=False, flipVert=False, font='Arial', fontFiles=[], height=0.03, italic=False, languageStyle='LTR', name='text', opacity=1.0, ori=0, pos=array([ 0. , -0.4]), rgb=array([255.,   0.,   0.]), text=str(...), units='height', win=Window(...), wrapWidth=1)
8.0683 	EXP 	InstructionText: autoDraw = True
11.0593 	EXP 	Imported DogCond.csv as conditions, 9 conditions, 2 params
11.0597 	EXP 	Created sequence: fullRandom, trialTypes=9, nReps=1, seed=None
11.0600 	EXP 	New trial (rep=0, index=0): OrderedDict([('Cond1', 'dog/3.jpg'), ('Cond2', 'dog/6.jpg')])
11.1885 	EXP 	InstructionText: autoDraw = False
11.1885 	EXP 	DogImage: image = 'dog/3.jpg'
11.1885 	EXP 	DogImage2: image = 'dog/6.jpg'
11.1885 	EXP 	DogImage: autoDraw = True
11.1885 	EXP 	DogImage2: autoDraw = True
11.1885 	EXP 	text: autoDraw = True
14.0472 	EXP 	New trial (rep=0, index=1): OrderedDict([('Cond1', 'dog/5.jpg'), ('Cond2', 'dog/4.jpg')])
14.1199 	EXP 	DogImage: autoDraw = False
14.1199 	EXP 	DogImage2: autoDraw = False
14.1199 	EXP 	text: autoDraw = False
14.1199 	EXP 	DogImage: image = 'dog/5.jpg'
14.1199 	EXP 	DogImage2: image = 'dog/4.jpg'
14.1199 	EXP 	DogImage: autoDraw = True
14.1199 	EXP 	DogImage2: autoDraw = True
14.1199 	EXP 	text: autoDraw = True
17.0557 	EXP 	New trial (rep=0, index=2): OrderedDict([('Cond1', 'dog/1.jpg'), ('Cond2', 'dog/4.jpg')])
17.1206 	EXP 	DogImage: autoDraw = False
17.1206 	EXP 	DogImage2: autoDraw = False
17.1206 	EXP 	text: autoDraw = False
17.1206 	EXP 	DogImage: image = 'dog/1.jpg'
17.1206 	EXP 	DogImage2: image = 'dog/4.jpg'
17.1206 	EXP 	DogImage: autoDraw = True
17.1206 	EXP 	DogImage2: autoDraw = True
17.1206 	EXP 	text: autoDraw = True
20.0572 	EXP 	New trial (rep=0, index=3): OrderedDict([('Cond1', 'dog/3.jpg'), ('Cond2', 'dog/2.jpg')])
20.1229 	EXP 	DogImage: autoDraw = False
20.1229 	EXP 	DogImage2: autoDraw = False
20.1229 	EXP 	text: autoDraw = False
20.1229 	EXP 	DogImage: image = 'dog/3.jpg'
20.1229 	EXP 	DogImage2: image = 'dog/2.jpg'
20.1229 	EXP 	DogImage: autoDraw = True
20.1229 	EXP 	DogImage2: autoDraw = True
20.1229 	EXP 	text: autoDraw = True
23.0506 	EXP 	New trial (rep=0, index=4): OrderedDict([('Cond1', 'dog/3.jpg'), ('Cond2', 'dog/4.jpg')])
23.1097 	EXP 	DogImage: autoDraw = False
23.1097 	EXP 	DogImage2: autoDraw = False
23.1097 	EXP 	text: autoDraw = False
23.1097 	EXP 	DogImage: image = 'dog/3.jpg'
23.1097 	EXP 	DogImage2: image = 'dog/4.jpg'
23.1097 	EXP 	DogImage: autoDraw = True
23.1097 	EXP 	DogImage2: autoDraw = True
23.1097 	EXP 	text: autoDraw = True
26.0512 	EXP 	New trial (rep=0, index=5): OrderedDict([('Cond1', 'dog/1.jpg'), ('Cond2', 'dog/6.jpg')])
26.1154 	EXP 	DogImage: autoDraw = False
26.1154 	EXP 	DogImage2: autoDraw = False
26.1154 	EXP 	text: autoDraw = False
26.1154 	EXP 	DogImage: image = 'dog/1.jpg'
26.1154 	EXP 	DogImage2: image = 'dog/6.jpg'
26.1154 	EXP 	DogImage: autoDraw = True
26.1154 	EXP 	DogImage2: autoDraw = True
26.1154 	EXP 	text: autoDraw = True
29.0529 	EXP 	New trial (rep=0, index=6): OrderedDict([('Cond1', 'dog/5.jpg'), ('Cond2', 'dog/2.jpg')])
29.1271 	EXP 	DogImage: autoDraw = False
29.1271 	EXP 	DogImage2: autoDraw = False
29.1271 	EXP 	text: autoDraw = False
29.1271 	EXP 	DogImage: image = 'dog/5.jpg'
29.1271 	EXP 	DogImage2: image = 'dog/2.jpg'
29.1271 	EXP 	DogImage: autoDraw = True
29.1271 	EXP 	DogImage2: autoDraw = True
29.1271 	EXP 	text: autoDraw = True
32.0520 	EXP 	New trial (rep=0, index=7): OrderedDict([('Cond1', 'dog/1.jpg'), ('Cond2', 'dog/2.jpg')])
32.1117 	EXP 	DogImage: autoDraw = False
32.1117 	EXP 	DogImage2: autoDraw = False
32.1117 	EXP 	text: autoDraw = False
32.1117 	EXP 	DogImage: image = 'dog/1.jpg'
32.1117 	EXP 	DogImage2: image = 'dog/2.jpg'
32.1117 	EXP 	DogImage: autoDraw = True
32.1117 	EXP 	DogImage2: autoDraw = True
32.1117 	EXP 	text: autoDraw = True
35.0569 	EXP 	New trial (rep=0, index=8): OrderedDict([('Cond1', 'dog/5.jpg'), ('Cond2', 'dog/6.jpg')])
35.1298 	EXP 	DogImage: autoDraw = False
35.1298 	EXP 	DogImage2: autoDraw = False
35.1298 	EXP 	text: autoDraw = False
35.1298 	EXP 	DogImage: image = 'dog/5.jpg'
35.1298 	EXP 	DogImage2: image = 'dog/6.jpg'
35.1298 	EXP 	DogImage: autoDraw = True
35.1298 	EXP 	DogImage2: autoDraw = True
35.1298 	EXP 	text: autoDraw = True
38.0813 	EXP 	DogImage: autoDraw = False
38.0813 	EXP 	DogImage2: autoDraw = False
38.0813 	EXP 	text: autoDraw = False
38.3684 	EXP 	window1: mouseVisible = True
